Using pre-set license
Built from '2020.2/staging' branch; Version is '2020.2.7f1 (c53830e277f1) revision 12924976'; Using compiler version '192528614'; Build Type 'Release'
OS: 'Windows 10 Home Single Language; OS build 22000.469; Version 2009; 64bit' Language: 'ru' Physical Memory: 16219 MB
BatchMode: 1, IsHumanControllingUs: 0, StartBugReporterOnCrash: 0, Is64bit: 1, IsPro: 0

 COMMAND LINE ARGUMENTS:
C:\Program Files\Unity\Hub\Editor\2020.2.7f1\Editor\Unity.exe
-adb2
-batchMode
-noUpm
-name
AssetImportWorker0
-projectPath
D:/UnityProjects/for Lisa/New Unity Project
-logFile
Logs/AssetImportWorker0.log
-srvPort
49660
Successfully changed project path to: D:/UnityProjects/for Lisa/New Unity Project
D:/UnityProjects/for Lisa/New Unity Project
Using Asset Import Pipeline V2.
Refreshing native plugins compatible for Editor in 35.81 ms, found 1 plugins.
Preloading 0 native plugins for Editor in 0.00 ms.
Initialize engine version: 2020.2.7f1 (c53830e277f1)
[Subsystems] Discovering subsystems at path C:/Program Files/Unity/Hub/Editor/2020.2.7f1/Editor/Data/Resources/UnitySubsystems
[Subsystems] Discovering subsystems at path D:/UnityProjects/for Lisa/New Unity Project/Assets
GfxDevice: creating device client; threaded=0
Direct3D:
    Version:  Direct3D 11.0 [level 11.1]
    Renderer: NVIDIA GeForce MX250 (ID=0x1d52)
    Vendor:   
    VRAM:     1983 MB
    Driver:   26.21.14.4120
Initialize mono
Mono path[0] = 'C:/Program Files/Unity/Hub/Editor/2020.2.7f1/Editor/Data/Managed'
Mono path[1] = 'C:/Program Files/Unity/Hub/Editor/2020.2.7f1/Editor/Data/MonoBleedingEdge/lib/mono/unityjit'
Mono config path = 'C:/Program Files/Unity/Hub/Editor/2020.2.7f1/Editor/Data/MonoBleedingEdge/etc'
Using monoOptions --debugger-agent=transport=dt_socket,embedding=1,server=y,suspend=n,address=127.0.0.1:56448
Begin MonoManager ReloadAssembly
Registering precompiled unity dll's ...
Register platform support module: C:/Program Files/Unity/Hub/Editor/2020.2.7f1/Editor/Data/PlaybackEngines/WebGLSupport/UnityEditor.WebGL.Extensions.dll
Register platform support module: C:/Program Files/Unity/Hub/Editor/2020.2.7f1/Editor/Data/PlaybackEngines/WindowsStandaloneSupport/UnityEditor.WindowsStandalone.Extensions.dll
Registered in 0.001281 seconds.
Native extension for WindowsStandalone target not found
Native extension for WebGL target not found
Refreshing native plugins compatible for Editor in 33.94 ms, found 1 plugins.
Preloading 0 native plugins for Editor in 0.00 ms.
Invoked RoslynAnalysisRunner static constructor.
RoslynAnalysisRunner will not be running.
RoslynAnalysisRunner has terminated.
Mono: successfully reloaded assembly
- Completed reload, in  2.296 seconds
Platform modules already initialized, skipping
Registering precompiled user dll's ...
Registered in 0.000680 seconds.
Begin MonoManager ReloadAssembly
Native extension for WindowsStandalone target not found
Native extension for WebGL target not found
Refreshing native plugins compatible for Editor in 35.14 ms, found 1 plugins.
Preloading 0 native plugins for Editor in 0.00 ms.
Invoked RoslynAnalysisRunner static constructor.
RoslynAnalysisRunner will not be running.
RoslynAnalysisRunner has terminated.
Mono: successfully reloaded assembly
- Completed reload, in  0.856 seconds
Platform modules already initialized, skipping
========================================================================
Worker process is ready to serve import requests
Launched and connected shader compiler UnityShaderCompiler.exe after 0.03 seconds
Refreshing native plugins compatible for Editor in 0.45 ms, found 1 plugins.
Preloading 0 native plugins for Editor in 0.00 ms.
Unloading 1976 Unused Serialized files (Serialized files now loaded: 0)
System memory in use before: 89.8 MB.
System memory in use after: 89.9 MB.

Unloading 31 unused Assets to reduce memory usage. Loaded Objects now: 2420.
Total: 2.414900 ms (FindLiveObjects: 0.377200 ms CreateObjectMapping: 0.202400 ms MarkObjects: 1.798800 ms  DeleteObjects: 0.034900 ms)

========================================================================
Received Import Request.
  path: Assets/Animations/eyes/Swappers/EyesOvereatingSwapper.asset
  artifactKey: Guid(60f3444a19341cf46af6246bd698c2c4) Importer(815301076,1909f56bfc062723c751e8b465ee728b)
Start importing Assets/Animations/eyes/Swappers/EyesOvereatingSwapper.asset using Guid(60f3444a19341cf46af6246bd698c2c4) Importer(815301076,1909f56bfc062723c751e8b465ee728b)  -> (artifact id: '92e9487b9d60c734ab70dc91a8bcb892') in 0.032738 seconds
  Import took 0.036399 seconds .

========================================================================
Received Import Request.
  Time since last request: 0.000149 seconds.
  path: Assets/Animations/eyes/Swappers/EyesTiredSwapper.asset
  artifactKey: Guid(31a0158a50723944ab9a4d0b47f0729f) Importer(815301076,1909f56bfc062723c751e8b465ee728b)
Start importing Assets/Animations/eyes/Swappers/EyesTiredSwapper.asset using Guid(31a0158a50723944ab9a4d0b47f0729f) Importer(815301076,1909f56bfc062723c751e8b465ee728b)  -> (artifact id: 'cc0cc2a3c0b2ae227cd24a3f087ae53c') in 0.008094 seconds
  Import took 0.011015 seconds .

========================================================================
Received Import Request.
  Time since last request: 384.714023 seconds.
  path: Assets/visuals/realSpherise.shadersubgraph
  artifactKey: Guid(69d3daecc2b998b4d893ff5b82f60003) Importer(815301076,1909f56bfc062723c751e8b465ee728b)
Start importing Assets/visuals/realSpherise.shadersubgraph using Guid(69d3daecc2b998b4d893ff5b82f60003) Importer(815301076,1909f56bfc062723c751e8b465ee728b)  -> (artifact id: 'ba1a5f8b8d7969e6565c71613dda317d') in 0.006668 seconds
  Import took 0.010068 seconds .

========================================================================
Received Import Request.
  Time since last request: 11.680066 seconds.
  path: Assets/Graphicks
  artifactKey: Guid(608449c5b36788a42b80b7494c73036c) Importer(815301076,1909f56bfc062723c751e8b465ee728b)
Start importing Assets/Graphicks using Guid(608449c5b36788a42b80b7494c73036c) Importer(815301076,1909f56bfc062723c751e8b465ee728b)  -> (artifact id: 'ba7a9aab0c1ef6b7d5b11bed00e914dd') in 0.009160 seconds
  Import took 0.012517 seconds .

========================================================================
Received Import Request.
  Time since last request: 296.814330 seconds.
  path: Assets/Animations/mouth/Refs/Calm.asset
  artifactKey: Guid(70f7c5420f979284fb2d61ee8c1ac41e) Importer(815301076,1909f56bfc062723c751e8b465ee728b)
Start importing Assets/Animations/mouth/Refs/Calm.asset using Guid(70f7c5420f979284fb2d61ee8c1ac41e) Importer(815301076,1909f56bfc062723c751e8b465ee728b)  -> (artifact id: '963ef621ec82fce4d9f464f5e81f0851') in 0.017813 seconds
  Import took 0.022034 seconds .

========================================================================
Received Import Request.
  Time since last request: 0.883597 seconds.
  path: Assets/Animations/mouth/Refs/Eating.asset
  artifactKey: Guid(07b071645f037e4438c43be57818872a) Importer(815301076,1909f56bfc062723c751e8b465ee728b)
Start importing Assets/Animations/mouth/Refs/Eating.asset using Guid(07b071645f037e4438c43be57818872a) Importer(815301076,1909f56bfc062723c751e8b465ee728b)  -> (artifact id: 'e18008c7c36f6dbb0122f166543fcb8e') in 0.016348 seconds
  Import took 0.019308 seconds .

========================================================================
Received Prepare
Registering precompiled user dll's ...
Registered in 0.001242 seconds.
Begin MonoManager ReloadAssembly
Native extension for WindowsStandalone target not found
Native extension for WebGL target not found
Refreshing native plugins compatible for Editor in 0.58 ms, found 1 plugins.
Preloading 0 native plugins for Editor in 0.00 ms.
Invoked RoslynAnalysisRunner static constructor.
RoslynAnalysisRunner will not be running.
RoslynAnalysisRunner has terminated.
Mono: successfully reloaded assembly
- Completed reload, in  1.264 seconds
Platform modules already initialized, skipping
Switching build target platform(5) subTarget(0) extendedPlatform(0) -> platform(13) subTarget(537395200) extendedPlatform(0)
Refreshing native plugins compatible for Editor in 0.46 ms, found 1 plugins.
Preloading 0 native plugins for Editor in 0.00 ms.
Unloading 1968 Unused Serialized files (Serialized files now loaded: 0)
System memory in use before: 89.3 MB.
System memory in use after: 89.4 MB.

Unloading 20 unused Assets to reduce memory usage. Loaded Objects now: 2424.
Total: 2.874600 ms (FindLiveObjects: 0.269000 ms CreateObjectMapping: 0.113800 ms MarkObjects: 2.470100 ms  DeleteObjects: 0.019800 ms)

AssetImportParameters requested are different than current active one (requested -> active):
  custom:graphics/normal-map-encoding: 01000000000000000000000000000000 -> 02000000000000000000000000000000
========================================================================
Received Prepare
Registering precompiled user dll's ...
Registered in 0.003914 seconds.
Begin MonoManager ReloadAssembly
Native extension for WindowsStandalone target not found
Native extension for WebGL target not found
Refreshing native plugins compatible for Editor in 1.08 ms, found 1 plugins.
Preloading 0 native plugins for Editor in 0.00 ms.
Invoked RoslynAnalysisRunner static constructor.
RoslynAnalysisRunner will not be running.
RoslynAnalysisRunner has terminated.
Mono: successfully reloaded assembly
- Completed reload, in  2.348 seconds
Platform modules already initialized, skipping
Switching build target platform(5) subTarget(0) extendedPlatform(0) -> platform(13) subTarget(537395200) extendedPlatform(0)
Refreshing native plugins compatible for Editor in 1.01 ms, found 1 plugins.
Preloading 0 native plugins for Editor in 0.00 ms.
Unloading 1968 Unused Serialized files (Serialized files now loaded: 0)
System memory in use before: 89.3 MB.
System memory in use after: 89.5 MB.

Unloading 20 unused Assets to reduce memory usage. Loaded Objects now: 2428.
Total: 5.451000 ms (FindLiveObjects: 0.560600 ms CreateObjectMapping: 0.255900 ms MarkObjects: 4.583100 ms  DeleteObjects: 0.048500 ms)

AssetImportParameters requested are different than current active one (requested -> active):
  custom:graphics/normal-map-encoding: 01000000000000000000000000000000 -> 02000000000000000000000000000000
AssetImportWorkerClient::OnTransportError - code=2 error=End of file
